100
0 3 43 53 85 71 21 223 93 61 23 80 28 138 100 10 375 22 105 59 1 96 613 64 58 279 156 60 816 460 108 4 5072 812 323 318 921
1 22 8 20 74 9 1 112 33 39 10 32 642 2145 110 114 26 353 50 137 677 43 41 72 0 193 170 23 240 119 261 1456 98 6079 828 82 414 149 204 300 323 649
2 17 63 65 2 10 64 1 96 51 61 594 41 155 5 69 48 25 6 79 688 169 58 887 226 183 125 1035 549 11 1680 12 614 2813 53 20 60 2481 1620 284
3 9 81 4 105 0 1596 18 117 51 148 68 138 61 42 34 3 73 26 322 102 10 35 259 8879 393 6342 2626 708 118 511 3374 404 1285 4110 1397 110 2954
4 3 79 104 253 55 35 7 20 65 49 23 202 1254 74 25 142 45 19 16 134 26 507 5543 210 90 99 207 201 208 647 338 1860 159 778 3259
5 46 146 28 6 21 202 342 661 20 158 136 1125 7 72 375 2 754 317 247 469 14 8 613 151 3082 96 564 506 605 786 312 7982 110 3096
6 113 85 51 112 58 108 184 105 89 44 55 92 139 248 230 923 23 5 5029 34 126 186 159 43 2380 111 265 155 28 319 1928 398 443 53 1515 1226 5452
7 70 53 72 267 44 1251 27 83 396 238 218 11 128 103 4196 345 3911 7049 4402 6734 674 6100 1089 963 150 360 4075 92 40 281 3437 61 3450 400
8 338 6 63 10 23 79 35 123 158 47 29 12 246 5 41 14 3 46 67 42 62 40 105 169 473 90 22 1061 162 60 54 61 76 518 284 3526
9 70 69 167 237 10 89 113 42 276 168 17 302 30 114 184 105 96 51 93 182 410 37 146 166 74 675 160 397 22 110 2320 34 5326 6
10 2766 14 5615 69 434 9610 417 297 57 18 1237 4946 224 455 27 566 26 4205 2233 68 5 59 7552 117 132 9197 1268 65 488 498 145 8 24 7 950 7835
11 164 16 46 62 13 72 35 41 14 101 119 26 25 143 353 342 130 48 121 98 635 50 155 197 1870 1359 110 511 210 1647 120 433 242 7 113 329 5893
12 636 59 71 0 70 647 145 49 132 1149 17 33 12 32 295 3 1026 289 9855 161 1003 50 63 13 415 136 631 21 368 856 165 252 192 6152
13 4 36 138 58 135 238 27 19 93 1776 54 20 233 158 460 1124 10 106 281 159 22 679 783 885 338 215 15 2114 108 249 174 481 76 1602 899 4185 6 664 8870 6389 284
14 355 1784 550 4293 1071 2317 8255 11 280 45 1976 6112 33 1278 7275 78 9402 4188 4808 161 757 2660 110 220 503 5863 38
15 169 40 98 14 400 441 106 924 90 218 77 2172 76 284 153 1068 79 795 73 82 55 4207 841 449 148 616 361 427 6668 101 673 88 1688 345 2947 872 2964 149 6663 847 2740 263 5928 3145
16 5 11 35 158 325 205 285 7 504 2578 1984 545 337 203 89 91 382 280 17 125 846 114 26 190 180 1539 55 177 4375 257 3254 518
17 167 115 343 6924 64 50 10 33 67 54 32 4 119 557 158 82 59 141 833 139 174 373 156 76 15 16 68 142 186 286 1015 1841 95 2416 458 9317 1722
18 22 25 170 300 135 27 521 65 193 155 5480 57 670 685 20 60 2739 44 492 9589 1433 4102 161 1130 2966 996 102 1070 724 389 626 1847 1852 2349 76 2601 87
19 159 104 197 77 240 170 274 1172 1370 2081 33 84 2471 619 5003 3018 134 660 31 5707 6401 5492 9 42 140 1224 680 1818 115 916 6233
20 114 753 294 121 92 469 80 95 137 357 19 331 113 90 185 156 18 221 1539 1807 2159 2353 1861 686 192 9890 379 9565 539 269 2837 208 71 4791 6120 38
21 23 9 46 40 10 118 115 51 210 65 117 146 18 339 272 42 3 369 3070 58 36 106 21 28 304 64 49 16 37 85 6 26 193 122 233 198 4298 484 1887 632 7524
22 36 23 10 484 336 25 33 8 269 94 706 21 13 1424 219 101 67 691 627 35 58 166 191 12 69 543 49 4723 7125 121 819 1439 100 190 1131 874 2086 1987 8626
23 12 67 19 95 614 150 36 50 182 248 20 5518 88 28 352 64 32 46 170 125 128 87 110 58 244 238 144 229 157 204 176 1851 45 17 338 1418
24 10 33 85 37 28 337 97 65 48 5 76 548 109 50 66 8 47 39 105 220 89 150 1154 136 40 724 29 332 22 123 3849 588 3012
25 18 10 33 35 50 240 5 150 36 143 119 256 176 510 166 55 27 453 93 219 211 1463 250 76 46 192 1887 15 448 747 51 971 1402 4678
26 46 65 23 68 578 184 107 140 62 27 60 1003 1841 537 284 53 8 153 52 344 119 1080 374 170 157 145 244 287 64 32 171 359 109 189 7 164 9 328 38 1949 260 257
27 147 138 23 27 134 332 267 139 76 14 3 785 16 107 417 48 568 497 6 654 759 605 238 17 83 129 159 237 280 670 1180 1409 518
28 2 157 56 146 5 94 72 106 311 136 24 139 65 4960 133 47 9 1565 75 191 466 165 53 933 97 95 46 924 1259 259 412 1800 150 609 628 285 196 5064 323 6142
29 89 49 171 142 948 94 211 236 166 110 150 83 4 109 221 100 10 23 92 68 515 17 157 102 27 125 107 514 199 337 52 61
30 26 174 185 69 100 15 719 194 733 60 274 123 1912 1 35 1609 47 44 763 95 51 154 3373 5436 119 434 5347 5263 2469 6285 292 960 9868 567 2677 491 1246 195 3145 616 1737
31 63 25 493 13 128 194 54 185 466 245 14 347 2132 88 52 53 111 34 1062 212 33 40 239 133 37 49 3 193 134 12 855 144 18 408 405
32 3 100 11 25 184 152 12 17 172 107 14 5690 76 116 188 857 68 644 1573 147 80 41 60 61 266 0 688 317 162 406 219 615 50 52 1955 3829 6048 2964
33 75 86 62 2981 10 20 202 245 560 3301 200 42 118 90 653 2 7807 1018 73 6371 2665 4376 403 1749 1598 212 1931 21 4100 2150 632 161 866 8541 459 2562
34 12 23 72 8 171 156 285 46 70 77 64 861 6127 225 173 83 21 841 831 274 157 211 1045 236 28 65 788 240 4077 367 176 137 95 719 552 227 29 9997 5698
35 48 338 7 122 28 127 125 270 173 4 73 110 29 1154 237 123 11 303 332 96 573 7124 52 403 68 165 60 528 86 905 269 522 2032 157 149 1038 318 76
36 141 36 14 4 54 10 69 131 303 178 6 7 96 136 162 94 335 132 159 221 15 153 27 194 702 110 57 767 53 4380 2909 5389 7802 3070 910
37 29 7 865 69 145 6 397 228 51 137 46 421 1242 170 157 462 267 149 30 64 409 12 125 206 410 198 365 331 62 304 3067 345 5 285 21 1456 1323 377 53 760 5632
38 29 21 54 15 75 43 204 16 163 142 101 102 321 373 68 56 285 1164 145 155 188 35 1443 237 352 638 108 357 504 181 76 38
39 369 243 1567 7549 456 547 139 3145 703 5386 57 4238 44 6562 339 330 1210 2354 750 178 17 253 101 196 8253 420 51 4435 216 277 7427 1099 1 85 5762 722 502
40 5399 469 45 1723 358 60 1207 2214
41 12 59 95 40 79 114 271 30 11 105 9 70 141 247 147 270 86 26 106 245 276 710 412 101 2 87 45 138 47 149 1097 53 2972
42 69 40 7919 97 253 223 397 447 71 84 252 29 549 58 8 500 20 576 833 7 33 82 36 50 110 3699 5419 5856 536 408 639 756 5818 4451 319 4518 502
43 60 225 97 9 33 227 61 468 814 435 39 247 4413 448 407 62 24 19 222 55 81 35 84 1 212 4491 168 98 159 180 53 2 1005 281 4690 458 616 632 1056 4518 1050
44 2 41 22 45 40 11 222 129 112 143 148 296 101 81 758 8 560 2408 182 1030 99 308 2911 113 924 142 53 35 593 62 183 294 25 682 169 284
45 17 10 1741 16 36 225 309 212 180 92 29 44 137 35 155 100 427 63 424 327 23 222 30 345 1495 337 200 3371 230 166 248 6246 192 1502 668 1180 87
46 26 108 25 50 201 194 153 31 155 2111 135 42 63 1870 440 143 85 54 57 44 836 138 508 115 18 226 157 24 1 175 1254 37 371 300 1375 3203 1722 2972 2066
47 6 54 31 118 67 3693 70 72 1008 16 170 3961 392 308 53 178 12 540 219 350 66 29 241 322 3303 4595 215 148 5194 3328 873 75 1287 546 2003 2367 592 283 6424
48 5 50 206 132 266 22 371 9 63 58 127 144 111 2519 181 677 491 356 69 617 199 1180 148 176 62 98 428 304 165 238 108 896 3614 354 483 5928
49 43 96 1 94 84 8402 261 147 423 178 111 712 121 2048 162 116 404 86 2483 65 8922 50 186 107 326 31 179 14 150 172 194 46 620 420
50 47 10 61 143 153 75 79 71 22 280 63 95 2803 3437 4691 352 7 3786 154 1513 2545 277 6633 2194 228 171 298 435 408 662 591 51 884 616 2351 6880 1892 518 284 8022
51 24 31 18 11 5 54 28 99 90 78 36 210 1336 92 107 15 589 27 621 58 34 2270 64 113 561 158 6648 6132 1574 1034 674 37 120 547 549 87
52 59 2015 35 115 38 33 28 57 76 32 41 1757 3313 536 450 543 1568 392 748 1182 80 65 1230 292 2537 162 3634 1405 1422 643 68 8742 178 3777 5405 518 8082 319
53 0 23 8 10 69 1069 414 5 296 268 33 559 42 59 3 61 157 12 2588 218 259 124 49 104 1424 453 189 463 385 922 284
54 56 4 10 632 64 118 17 212 147 182 15 72 7237 248 60 135 25 268 156 20 202 114 187 11 1301 57 145 103 882 127 644 302 1413 3647 61 940 331 1990 87 1863 5237 8698 1497 764
55 6 37 188 45 101 630 85 102 165 10 202 147 157 149 15 34 22 7 330 1210 354 724 82 454 279 151 143 11 30 2236 60 2078 679 855 56 58 458 215 4751
56 35 38 23 18 34 102 42 70 69 0 17 41 338 1652 33 137 204 451 117 72 123 636 229 87 149 27 77 296 2206 155 241 2487 643 862 141 1293 4 765 300 323 476 518 319
57 30 36 23 33 15 198 2 106 27 19 84 45 107 73 21 299 110 158 262 111 363 9 54 400 24 67 117 49 320 3 83 130 135 966 189 415 152 2026 5434 4417
58 3 16 54 90 34 814 212 58 327 927 92 251 110 100 545 172 714 109 1065 73 6077 51 2371 1227 192 32 2892 105 3891 402 676 3565 3396 53 2634 603
59 27 78 3 372 716 19 328 171 1077 194 172 1550 258 45 77 2652 162 461 4176 1124 294 81 831 4751 177 599 182 307 6657 88 1458 3423 1126 225 284 323
60 28 4 88 324 135 13 115 53 100 96 153 79 89 91 61 142 23 41 112 6 107 32 39 923 29 798 523 20 155 86 415 446 158 76 95 1097 156 323 2026
61 7 208 43 108 118 87 9 45 414 99 2868 21 240 801 174 8044 113 3 66 110 2054 289 5095 160 76 212 55 123 46 95 88 1034 366 168
62 45 282 24 61 412 48 43 312 47 645 100 197 127 63 125 15 20 474 743 142 2 85 31 332 70 775 246 423 1874 630 2133 692 6194 603 9886 3482
63 13 90 0 40 136 34 740 5 6 350 12 541 33 30 73 161 245 141 58 117 358 483 61 627 227 4 9 2719 1125 4292 1527 864 191 614 565 912 247
64 380 30 22 2 239 87 31 14 1 19 480 412 9 50 2162 382 1611 296 92 1807 2240 406 16 199 7687 4995 1467 1071 42 1505 3640 3205 319 4442 5217
65 12 1678 90 79 96 10 280 287 195 143 351 43 253 469 264 212 148 1240 41 637 53 61 255 103 1188 16 27 296 290 3705 1081
66 26 27 6 93 49 169 79 246 13 74 228 54 78 67 18 262 24 114 320 46 1271 181 139 177 135 53 45 112 32 328 160 467 132 8523 198 334 728 400 5217 87
67 42 22 36 10 300 67 117 91 197 4 257 274 188 47 1683 210 56 1350 75 2811 71 178 193 1767 14 229 70 48 1055 1662 106 224 1129 270 2396
68 56 8 5 171 111 3 283 245 141 31 182 438 69 25 320 197 235 778 59 217 354 81 175 73 27 689 2638 1885 389 76 169 832 1169 355 2257 108 400 7737 5434 518
69 146 107 45 3 138 236 29 35 541 167 586 249 1670 197 158 184 341 938 153 195 1343 9116 161 345 4161 1638 28 415 819 843 62 156 257 574 52 3587 87
70 115 52 957 252 7605 158 3033 208 311 4487
71 7 23 59 4 325 2929 455 620 134 30 64 933 112 244 111 674 69 1 154 1870 158 31 1862 48 180 1193 458 122 44 2991 107 9387
72 18 7 76 48 1293 372 300 238 40 128 216 1301 768 60 27 1449 133 114 11 21 563 458 74 51 9 49 139 358 1220 70 146 153 57 141 108 4394 318 1427 8012 5286
73 9 25 154 67 35 22 32 601 170 108 7 24 382 30 142 132 34 419 3739 105 111 186 80 203 1002 585 1226 6052 7954 0 349 443 853 6835 264 586 9270 1736 1180 329
74 9 236 69 62 269 338 50 43 139 91 38 1375 352 119 1 88 42 1361 52 223 712 55 496 210 68 162 20 3105 156 147 3587 1691 263 179 2990 3810 311 6932 2765 87 910
75 77 49 24 162 234 153 19 188 505 952 122 48 20 94 3691 808 73 62 274 441 96 160 281 191 168 9 134 525 425 512 787 1709 318 5860 9665 87
76 28 79 883 8 149 554 400 368 19 91 48 40 99 78 102 257 544 90 178 134 856 268 1409 151 103 113 495 6076 202 2590 343 698 8244 5064
77 225 329 16 59 85 83 223 2204 699 2387 5888 575 5520 3591 8452 1588 2173 82 3478 4387
78 114 255 47 43 192 62 98 191 18 83 99 998 911 231 33 39 77 1286 169 386 107 261 21 41 161 207 129 118 1221 676 3177 1153 361 756 61 518 9549
79 16 67 100 94 92 5 261 197 269 56 1139 40 47 48 997 207 69 89 1509 4333 176 1714 117 107 187 104 365 20 242 431 76 319
80 143 12 133 13 43 242 102 82 11 165 1 5 161 80 104 93 89 2 96 87 621 156 20 403 490 10 463 990 1248 75 1866 70 127 367 488 22 1896 549 1620 400 7724 3841
81 33 2 51 29 124 32 202 96 163 143 31 44 40 121 104 210 339 12 147 129 52 87 409 146 325 39 26 235 24 536 69 3 532 106
82 6 7 151 21 435 20 51 43 452 124 556 58 183 102 115 149 67 592 410 397 601 13 322 34 375 125 68 72 12 242 100 306 981 2925 1665 847 8846
83 93 19 38 54 43 107 50 66 183 108 40 315 308 613 142 366 192 248 276 17 45 174 109 67 193 75 252 31 86 46 21 7757
84 77 99 81 688 100 108 132 2084 98 118 3 4665 186 159 1988 3039 769 8048 1994 1769 35 7828 206 301 553 501 2032 3552 2618 1435 121 323
85 3977 328 74 3537 1825 537 33 302 3314 856 77 2213 2957
86 60 91 246 22 52 8 133 11 68 38 47 600 1354 1003 128 200 672 630 2357 5967 519 909 174 172 413 5561 8199 209 2033 312 3233 1976 381 2582 453 538 7346
87 181 12 19 96 11 34 77 217 31 113 128 928 361 431 437 57 68 92 30 490 1190 1520 1237 976 2695 6 7983 768 1589 1672 340 51 7674 38
88 50 17 462 311 103 57 187 2336 273 87 4994 610 37 7886 30 231 1851 4374 1238 559 742 704 21 563 275 234 579 576 536 203
89 36 38 16 112 199 138 47 73 9 101 65 2964 147 21 567 10 259 521 390 128 4 90 14 246 45 161 102 116 149 130 145 87 971 778 319 502
90 48 24 6 197 72 395 33 47 290 0 69 356 82 12 1101 193 452 904 158 73 29 3200 833 187 32 145 110 324 190 1061 714 106 693 1050
91 357 6424 1134 85 133 5 1940 4328 270 588 138 816 563 389 165 9457 359 111 1628 433 26 175 479 1319 59 70 156 101 354 256 3278 69 56 2223 936 1676 830
92 80 49 412 86 297 158 1123 104 22 426 291 35 95 16 373 36 212 52 2600 715 136 70 57 428 352 2 371 65 5 23
93 5 65 41 33 90 724 71 132 1417 686 77 97 145 153 10 18 46 181 255 483 69 417 301 362 431 658 411 110 287 167 2088 303 240 397 149 215 87
94 3 4 62 889 137 168 580 69 410 632 39 294 204 135 23 28 374 2086 141 44 53 3438 211 506 2508 106 60 2 5 175 320 386 55 3096 502
95 91 52 2056 14 408 4 80 504 43 53 138 56 20 61 190 112 137 278 117 101 235 175 104 144 2 78 40 76 11 17 356 181 999 378 83 92 2642 8414
96 94 55 6 34 126 369 68 77 1062 167 31 120 152 1408 88 41 244 33 25 43 407 51 28 133 5201 151 1281 107 37 2 3154 171 469 24 48 1419 2323 2094 1436 8154 5909 524 3832 3183
97 6 10 232 70 63 50 96 39 293 53 47 111 92 392 82 12 130 236 207 532 8 108 210 193 48 2328 201 389 844 22 5136 752 476 284 7867
98 74 184 114 242 85 235 63 19 3200 439 17 688 44 262 304 202 703 33 16 27 117 71 1035 215 69 12 61 914 40 3 0 80 62 4 1402 132
99 15 12 2033 4261 42 910 23 791 2223 10 8343 48 81 1014 2270 2824 140 430 405 1730 7198 0 32 1554 376 80 4582 8482 247 7 4894 9019 2525 76 3205
