500
0 261 6289 2951 5222 3215 5733 3629 4812 8983 3049 230 7049 8097 4441 369 8830 822 6754
1 6109 160 3753 7307 600 2695 4711 486 1957 6388 8125 1556 4441 9753 995
2 7744 5963 8544 171 2391 7462 3843 4790 7882 7508 8839 4725 3343 8342 9561 7611 6718 9332 4027 5330 6532 6228
3 3609 5830 5862 9130 7184 2944 5235 4050 1873 4292 6210 9032 8856 2027 8890 3092 8723 2453 2932 4736
4 3775 2800 5311 3590 5544 8065 1097 947 2046 4555 777 1347
5 8185 4232 2473 6245 2044 1531 1143 2991 48 4032 4862 773 8233 132 4977
6 2598 1206 3377 9638 3849 4107 2727 2724 7198 8746 3648 7588 3965 6956
7 3738 7515 8160 3509 3974 2810 7293 4207 2898 1985 3981 7956 8398 6190 9053 8659
8 7427 9039 7759 6091 5019 9224 1707 2474 3604 5932 9644 2285 9222 7917 763 8189 1849 5676
9 4775 9837 5048 5204 2321 6983 8832 7118 7142 6450 8317 1900 525 6337 369 9332 8097 9679
10 2195 8510 2198 1451 5268 1810 7746 9496 9018 2500 199 7781 6485 8830 3795 7686
11 6822 2102 295 798 8035 9957 4875 9793 9778 5894 1694 9948 9492 8952 2094
12 7462 1392 8566 5796 2605 8410 6696 1871 6085 6553 9053 7777 7935
13 4329 9290 1490 1560 1954 2977 8507 9091 2870 7682 2916 8593 7962 5296 2839 3495 9471 9332 1636 4441 8261
14 9832 4507 6003 6091 2425 1942 624 3193 9041 2856 4122 8600 824 5477 7296 4427 4673 2202 6754
15 6837 6226 4318 7413 3417 2922 4071 6131 7825 1096 7975 8342 2478 6926 8161 8437
16 4271 547 2385 3581 5521 9148 3195 9717 8140 5706 1549 7915 1863 3517 9753 7765 7998 8898 6798 5676 1241
17 7674 4796 1431 9498 1768 1852 23 1060 8464 191 1444 6505 8097 903 1483
18 8331 8798 2181 8561 270 2759 1771 7837 1251 6090 9138 4532
19 6610 6145 9206 3376 2982 7588 8742 9728 2383 3067 6739 6716 7568 3272 7915 2609 5963 6780 6566 7670 7007 4144 7994
20 1490 617 1794 4546 5949 508 1370 5072 7698 3236 5269 5156 2842 1821 8100 5676 1241 9791
21 8764 3082 1957 4875 5989 2101 3215 7277 3998 6657 4359 6243 4086 8529 173 8952 5030 4969 1849
22 3819 6241 490 9367 8693 7206 3079 9744 4625 2894 7236 2118 2525
23 5766 6302 5269 5856 2698 5995 1790 3500 5289 4015 6817 3518 7148 2932 7915 5890
24 5194 9494 4349 9160 8222 6491 5054 6345 4678 1889 4798 6924 8109 4407 3975 805 75 8723 7368
25 5871 3221 8815 9112 3764 5449 5374 451 9161 9806 1995 7496 4610 6228
26 5436 6347 1319 8862 8469 6417 8073 5799 9967 8042 6664 7293 295 9325 7174 1320 2453
27 5894 4098 6087 2745 3612 7639 5065 846 7537 8934 6020 4860
28 9895 3782 2012 3377 1240 5460 8645 411 8618 3547 3421 3733 1126 6615 7241 6311 6808 173
29 9854 2279 1537 7170 7118 2201 471 6665 5317 6721 8840 9632 8039 7174 1549 6574 4144
30 5820 6460 6745 2302 8245 8494 4854 3658 6341 9707 2022 4027 6731
31 479 5307 1245 7510 1349 1236 7895 9863 3104 2145 9980 7849 299 6494 7774 9041 7280 5882
32 9691 1119 1556 1859 2188 6760 8323 4248 1878 8572 8660 9260 6798 1612 9662 4975 2626 2932
33 4189 1137 3725 4923 8979 1029 7273 8832 2161 7549 7856 6625 2686 6389 3271 8898 1407 6792
34 5464 3107 5767 6810 7503 4649 1597 3227 7570 7007 9900 7319 6795 714
35 9535 1666 2009 6745 2398 588 9572 6322 2711 8697 6817 1139 3745 1856 8837 9414 6780 6152 5340 822
36 9378 5807 8848 2466 8574 7649 7679 6912 7595 1722 5269 6519 6220 9332 3459 1783 768 4544
37 590 9073 4206 3239 608 7127 6681 2801 5141 6680 5453 3443 2548 173 1882 8715 7007 75
38 7409 5065 2432 836 9212 6325 1882 7219 3550 4862 8100 7326 3485 8923 9314 7004 3107 4736 333 5890
39 8679 3977 640 1452 4049 8703 4934 5194 4142 6665 4034 3194 6266 805 4441
40 1017 7254 3652 6905 313 9333 3279 4307 7513 77 2912 6897 4977 5890 3819 2349 1586 9953 7828
41 1314 631 1612 7496 3182 8538 907 4631 9041 4283 9577 6455 1502 8592 6615 2288 5030 4352
42 529 7536 8856 5451 295 301 195 4796 7334 9852 2111 8792 9133 2194 7756 7686 1493 1516 3970 3242
43 7613 3704 8189 1822 9268 6514 4232 5768 1454 4433 4606 9818 3098 7187 5030 8523 75 2138
44 6663 6519 235 2905 6832 1064 5001 30 2391 7187 4745 3819
45 9172 8377 7429 3215 4507 3436 431 5724 5195 4606 2152 5715 2961 7176 5322 2932 9714
46 838 2963 4925 8179 6697 857 8429 9424 8435 7345 5268
47 5075 1549 590 9385 6918 9424 1257 5232 9125 7644 9966 9719 7355 4461 5441 8540 7006 5140 7116 3092 7897 6792 2150
48 1996 1986 7644 5096 2155 5581 6744 4944 2610 615 3906 1284 8189 3682 5882 6093
49 7331 8545 9806 1619 9012 7605 2836 1194 6766 5543 8376 3872 8104 1376 6609 2571 6754
50 3279 9870 3459 6109 1056 2454 2564 3533 7130 7599 744 6816 3039 9777 4027 3819 6833 9679 515
51 8936 6150 992 3442 4403 4260 5454 913 6893 5995 483 6758 3635 8965 239 7897
52 3516 6325 5194 4319 8250 469 2012 7951 5593 2108 5517 5971 3492 8116
53 6901 5477 2963 822 2051 4352 38 3150 9966 6465 2881 1606 9706 2295 2766 1910 3628 2315 8478 251 4027
54 7073 4844 7745 916 5253 4010 23 9276 8025 7818 7588 4499 4945 8424 8523 8649
55 5984 5504 7789 8530 2306 4492 2470 5276 4845 4392 8946 5040 5737 8002 6357 8149 685
56 8278 7662 2012 3674 3946 5064 4938 8923 2716 7709 23 5494 8156 273 3888 5697 5995 1238 6495 8189 7007
57 4974 4398 9109 9106 2882 4298 6521 8151 1005 9693 8822 5488 471 3977 8830 5301 9175 5626 664 8165 8097
58 121 1044 6976 5506 1279 6936 5421 9744 4093 1384 2316 2723 9438 2070 1914 1556 6792 8920 5676
59 7531 3759 6782 9587 6037 5450 2365 734 2904 5167 6608 8097 3819 2580 3981 6029 6819 7998
60 5638 4984 798 6289 7283 4262 9153 7417 7465 2571 186 2217 7855 8164 1139 9752 2905 6228 8739 7174
61 5098 3909 974 872 4938 1261 7869 4086 4708 101 7560 5184 2201 2684
62 5599 2178 6123 4923 2596 7091 1123 9513 5278 3704 6565 2800 2631 7915 8898
63 2975 8398 4335 5337 2622 3991 4804 8192 6897 841 6545 6003 2473 6686 61 6280 2684 6754
64 7669 7862 3151 5056 160 7675 5252 3511 8575 6471 1095 6861 5799 7613 1340
65 799 6634 3732 575 3744 8278 7290 542 7403 6623 3008 2991 7763 5882 3237 2726 6931 6675 7994 8830 2915
66 8639 1424 4167 1230 2472 2204 609 5764 7036 1864 7114 1215 7670 3041 4352
67 985 368 7783 7775 6453 2573 2379 61 6980 8603 5492 5015 7805 174 9514 8261 4532
68 4409 2395 3964 2983 2313 3079 4340 1985 66 5645 1444 5154 959 1828 5206 8097
69 4126 2727 1352 4390 3368 5462 8450 4040 8957 254 6074 6587 5139 5735 8890 6773 9791
70 1862 1021 945 2622 6191 9494 3884 8564 3742 4636 6757 2367 8486 9298 6366 1658 3397 7828
71 6586 309 1868 3672 9561 5420 8856 7630 8182 3430 5231 7401 3881 4805 1695 8100
72 1727 2209 6578 8088 877 8101 9323 5453 93 886 4576 3377 9068 333 4507 1828 3819 5799
73 7235 7458 9466 5103 3089 8768 2587 6964 5373 6285 7987 230 186 3162 6839 9949 1215 6795 3015 1882
74 1790 8659 4862 855 959 5440 963 3853 8551 155 9963 6461 634 9660 7303 2227 6780 75 4736
75 8553 9134 4155 1985 5935 1924 5446 9089 6320 9153 840 1407 4532 289 7174 8830
76 6739 1282 3855 843 7509 5734 9629 8720 4125 9979 3293 7122 7049 3437 7935 3650 3682 8261 7368
77 9285 9718 5276 1314 1444 9517 9389 8711 8489 7559 4295 1741 1215
78 337 4230 7059 811 3987 6323 5449 9023 1313 640 9606 4269 4640 4461 2869 7174 3405 4144 4736
79 8227 7900 6817 3744 3396 1873 3190 8441 2323 2727 2063
80 2051 5366 8633 6446 9544 8382 4862 372 4371 3027 7637 2079 8898 6266 2253 3792 1320
81 6638 4856 5917 3775 3593 8050 6485 1975 721 9569 2915 6574 2726 8649
82 4335 7892 4307 6691 2553 832 8495 5953 9571 5057 5460 8529 4442 1862 7501 9332 8097 1183 5882 5030
83 9389 7545 3637 3946 4715 6904 9153 6696 4115 5676 2634 488 2624 7613 3092 6574
84 8224 4483 2828 3079 9922 460 1306 3719 3705 8586 9653 4833 5614 1947 2086 6366
85 7794 6537 8002 2355 4757 715 6499 3697 2916 3179 3079 6245 6280 8574 9743 3792
86 9366 7743 7155 5578 3373 5937 9549 3919 3130 4842 3474 4658 8666 8245 6469 1453 8369 7968 1886 6410 4385
87 6229 4933 5835 774 3501 4756 8358 9156 7404 2716 4301 5753 2858
88 7545 9154 961 8999 4130 6350 5932 5031 8255 7467 4429 1328 7554 1997 96
89 4970 802 8796 5578 2199 2734 2080 9895 5716 742 5322 3105 7459 4078 3000 8649 9251 7460 3041
90 7859 8114 9367 8465 9553 4821 7816 6679 7064 4225 6145 5627 3492 2322 6819 7897 1320
91 9080 6696 4913 3020 6089 5627 9155 9528 9526 6272 8227 9372 2365 7772 6798 6334 1636
92 6758 2953 6859 4269 1130 3218 5503 7170 6440 9864 7568 3343 7575 1847
93 154 768 840 4731 2099 4890 5069 7281 5358 9325 7000 9070 9725 6392 5004 8167 5799 5890
94 9698 4216 242 5607 4468 7383 9253 620 2250 5346 1870 6884 3081 4458 7998 1849 5799
95 4275 6144 5616 7958 8250 1613 3460 3745 5262 1351 2694 7725 7340 4497 9063 1040 3221 4078 3144 1347
96 7955 6778 7587 3652 5823 9881 8921 3061 6165 3951 5758 4232 7641 6884
97 4419 5695 3591 8346 615 7432 9722 1515 9804 9728 3775 7312 1444 949 5812 8317 499 8769 5087 5676 3015
98 6947 3250 33 7044 2602 647 3796 3848 293 8913 1136 1968 321 9067 9943 2094 822
99 129 3585 5826 4423 8358 63 590 4995 1489 1359 82 6731 5546 6610 2571
100 4954 3110 2574 5322 5383 8610 7222 6367 2378 973 6893 6669 9594 2571 1033 6780 6489 6574 7435
101 4215 5270 2747 9718 9685 3433 1685 8121 4441 9905 7152 3272 5676 805 8261
102 1025 5160 3793 6836 2155 5764 8290 1965 783 5451 6833 5635 7865 7052 75 2932 515
103 1979 8152 3245 6679 7403 4471 2178 5140 8202 832 169 7998 8830
104 4475 2819 591 8886 74 3940 3727 1861 6285 8231 5297 7614 5799 6066 7686 3144
105 1042 9525 2791 6165 378 4432 8142 7439 2974 9938 1681 6505 4126 9836 8952 2385 4860
106 1985 4484 9172 4202 6625 5238 4006 8315 5767 6560 7191 6113 5531 86 7769 3977 7853 2933 4969 1849
107 5328 3598 9122 8209 2594 906 891 2054 509 8195 8907 585 5429 4403 5206 6489 6808 822
108 4796 4572 9517 4776 5932 9226 2033 965 3719 1523 4708 2726 605 4352
109 9378 3775 5882 5907 1325 8850 397 4065 9538 4342 7980 476 5929 4579 7187 8898
110 6518 5088 9893 3196 7596 8502 532 1606 6655 2587 732 9165 9366 3977 2316 4352 2858 7828 1560
111 6822 2277 767 3953 1437 1832 9849 6304 4090 6767 2469 2179 7013 1560
112 2523 5235 2524 8152 4172 7743 2260 7091 6446 8196 3775 6462 7451 5030
113 2109 9371 4589 5552 9703 1845 3167 5391 4274 400 566 2409 6994 1174 6550 1320 3041
114 6586 2973 4775 5865 292 3301 9258 6210 9954 2537 7367 3310 886 8035 1025 662 9980 4244 6731 9791 5295 5647
115 7355 7341 5204 9525 8103 1802 1657 4821 7543 2109 8652 9471 4887 3196 4441 8523 8649
116 8821 3480 1301 4114 6415 9408 7405 6090 1898 4355 4334 4874 202 9471 5890
117 2627 3569 8941 3364 6781 6643 2182 8568 9125 2621 8160 4246 5238 913 7000 7915 8261
118 750 6616 6931 892 70 7283 8538 7281 3198 7044 6122 1072 8177 662 8723
119 9552 9120 4330 9430 3149 74 921 5318 2984 47 7094 8866 2528 7988 7865 6365 6255 7968 1241
120 6273 5320 6912 5691 2754 1084 7254 2135 55 5270 1633 4227 1413 1636 5647 822 173 7280
121 301 8710 4020 5864 2043 165 3253 9183 3313 677 271 6047 5133 1697 6550 372 6792 5828 8261 2726
122 4254 2480 3655 7920 2737 5994 6995 1478 7538 1606 7897 6365 3092 8097
123 6106 5085 4856 1382 8535 6994 9947 8495 1386 1160 6150 2408 8101 9592 6884 6976 6329 6574
124 4108 573 4112 1986 3905 8377 843 8678 8103 1025 202 550 2159 7457 246 995
125 6514 6126 8383 457 6162 8323 7157 3561 5588 3953 8233 864
126 7769 1445 3448 9496 3943 6932 822 8461 6761 3630 4312 1807 324 7433 2452 9326 4071 880 3792
127 7247 4700 4169 8310 7330 7830 9388 3439 1476 6438 9087 3506 3812 8952 9514 6837 1955 9332 515 822
128 7184 8001 2713 3827 6458 3822 1954 5561 644 4636 1530 6798 7341 9895 1927 7286 447 8187 5799 4352
129 8996 8101 5141 3647 1585 965 7191 2575 4627 3012 1593 9001 201 9810 6754 8249 4027
130 9016 4971 1707 9109 3998 5966 284 8573 1330 7687 3637 4209 3446 4946
131 1594 2946 8519 8957 7995 8388 1760 5307 2251 6680 413 6275 2757 5381 7769 864 5799 9980
132 3914 2128 7145 2376 7545 9885 5320 925 5513 4336 2099 1244 1556
133 2727 7498 7943 5645 1339 6683 8340 5519 2459 142 6904 1556 5717 9123 7114 6833 4736 1483
134 8645 1130 3240 7491 479 5174 4255 8406 2197 273 597 1920 2173 3996 9670 1549 3272 5647
135 8210 391 6447 3806 5866 5737 9578 7479 5198 3271 1349 9572 2987 7676 106 7828
136 5190 5603 3830 3506 9286 930 4169 811 4449 8886 7130 900 4042 1191 7958 1606 4126 1886
137 2759 9113 8108 8217 7091 5285 9537 9098 7528 3648 2989 6854 9675 7550 6923 8261 2272 2932 3144
138 793 2199 4347 7117 1014 5761 5005 1293 6583 1516 6550 7050 9432 5004 75 7686 4352 4532 7368
139 7681 1695 7874 3656 261 889 7110 4191 2398 3402 1477 7682 9364 7473 7046 8786 8890 995
140 9496 9153 4697 5616 6241 4054 3273 4862 5048 8710 5320 6891 6231 7363 7915 6329 3792 4736
141 5447 70 9238 2820 2125 4068 4889 9090 1800 3149 5299 9123 4736
142 6242 552 7870 2288 5861 4249 4794 8768 3258 6928 9780 908 7136 4035 1491 5882 2571
143 3739 7367 259 5621 774 1232 6761 6398 1342 7663 4241 4438 498 8523 5807
144 3765 6171 1244 5033 2454 1995 1282 4307 6049 5262 1009 3271 1444 5647 6795
145 5029 3473 2538 3879 5702 6791 2456 9678 8886 8970 8197 3831 4441 7613 8659 3144 7368
146 6550 8016 7275 8522 6635 9799 5201 9992 4278 874 9801 7853 6956
147 1876 7711 2171 6938 4859 8175 2033 3538 491 5943 4119 2553 6420 7656 9582 9687 5285 3272 5087
148 8170 5579 4846 3674 6347 9301 1239 5128 2738 2973 4879 3703 5799 5030 7994
149 4781 5554 7903 6932 933 4487 8480 559 7680 7588 9895 4913 1340 3945 9471 3000 9514 2150 5676
150 151 3812 1802 8013 317 248 939 6695 7343 1548 430 202
151 3107 3536 2607 4240 8122 9136 2493 5941 6936 4600 4702 767 8141 3708 5734 3627 4573 5882 2932 1886
152 8887 7657 821 9155 261 974 3301 9849 7090 367 8978 9804 8872 8270 4544 1483
153 3704 6882 1014 439 1980 960 4203 7849 398 9752 311 6838 4602 6152 7994
154 9838 7732 8195 5031 5170 1230 337 4036 7934 3251 7335 4003 3033 6754 9592 805 4544
155 6632 619 5706 8378 315 4454 6225 8494 2212 9291 6090 1548 6031 3995 333 8187 3015
156 6301 4859 5535 67 4626 3757 4510 812 2922 7781 5653 3271 6773 9315 114 5040 5578 1847 6789 4945 3819 822
157 6906 5052 4775 2975 2893 4056 1984 5130 2509 932 9544 4461
158 1464 3809 8355 425 1102 8108 2086 7226 3872 8985 6985 7837 1337 807 662 9035 1886 1320 2726
159 5218 692 2541 25 2217 4992 4067 3655 1333 9073 2068 1556 5381 4764 8952 6315 4352
160 1820 190 7852 3746 732 2193 6444 7967 5885 5223 6879 3627 9980 8659 7998 7148 2915
161 4696 4382 7098 961 2465 9320 4872 4521 7228 7225 7323 8874 5586 6521 4178 333 6074 6182 3092 8097 2932
162 5279 1392 4694 2629 6255 6661 9849 3841 7869 4132 6464 8739 6543
163 7826 6909 3232 4909 6325 7556 6718 4918 8511 3041 2915
164 4309 6500 1960 8095 8825 58 8491 4585 889 4144 4452 7968 3819 7765 5647 8481 4736 8097
165 5458 6810 664 9698 4927 3588 8700 5767 6519 2063 9309 5464 7045 7423 2727 2138 6574 4126
166 636 4554 2490 6165 4670 9822 959 2562 6129 6838 5299 822
167 2279 8978 9757 9165 7363 8794 3363 5394 4690 5146 6307 9100 8303 8815 9521 4329 995
168 2159 7493 6278 3600 161 7738 5048 7060 9670 2973 8097 2869
169 3787 3799 7003 1995 2163 3036 7673 4052 3155 9036 305 2978 9528 4745 8075
170 9073 7152 6472 3823 9462 1158 6078 8974 3951 4251 2982 9789 8475
171 3092 5530 207 5223 3901 4554 4836 5097 3225 1916 2125 5546 369 7148 2915 7174 7915
172 6271 8855 5517 7759 6674 5060 9440 4728 2422 7792 3413 8871 5481
173 3977 5639 4848 8693 2325 6551 7679 1393 2786 2605 6124 7445 1431 8163 4103 4126 7280 6182
174 9124 4983 9864 1627 4380 7467 9093 5279 6421 1633 6675 4329 3062 8952 959 7000
175 4557 9983 8339 3032 8986 246 1343 1869 1458 9145 7543 1549 5087 1555
176 9560 6115 9968 1537 1276 8002 3763 1697 4361 3380 5731 8091 9439 8892 7215 9123 9791
177 7641 5 3047 7669 8342 8564 6885 1257 9447 4044 675 4712 7322 6904 6388 4352 1882 2094 3144
178 9897 7709 9810 3844 631 412 2534 9984 2063 7590 592 5699 1082 9514 457 7135 7184 926 3672 6345 5890
179 1490 1627 1133 2801 1254 5212 70 1898 8219 9227 5234 6243 6066 1886
180 6904 8476 3433 8165 9157 641 3637 9382 6596 7079 895 148 1954 8456 5152 8892 8649 880 1741 8899 289 6795 4144
181 6805 469 3096 2037 2042 2757 882 6150 8385 2411 9148 607 4468 685 3272 4433 4461 247 2227 6780
182 8345 1122 4856 1058 556 2454 1950 9624 4408 2819 5801 5971 7710 8477 2726 4352 9542
183 8642 5784 5785 7685 7434 2786 8788 8227 3967 5563 2166 4820 1407
184 3510 9705 967 1990 6078 4380 5576 309 3872 4622 2190 927 8187 4126
185 6446 3223 8502 9908 1829 7184 6537 9226 8178 491 7368 5987 5268 6095 6529 2799 5030
186 9366 1201 8618 3577 3165 4959 1044 6792 3533 9617 2969 2178 1606 1849
187 9311 9186 4102 5477 4380 8782 6480 8230 7187 2263 2449 9684 450
188 7967 9049 7668 585 2885 3884 1378 6903 5922 6557 6460 7756 6181 3792 4126
189 9053 1570 5766 6009 9070 9158 7528 4361 6084 5074 8337 6282 136 4129 8099 8318 5626
190 601 2916 2157 94 4602 7356 787 57 1242 6620 8258 3823 2349 9332 7935 1914 1886
191 1518 1123 5876 4212 3561 1848 426 9324 6435 90 1025 922 5870 9815 1241 5799
192 4189 805 9728 9582 9695 7834 9786 6097 224 2639 5049 8177 8899 1849
193 192 6587 7687 2155 8165 3409 9993 2794 690 2493 6819 7467 2156 2363 6033 6182 700 3041
194 8478 3752 6931 7735 8182 6054 9075 4090 6570 1491 3115 863 6465 5174 7918 4342 5330 5890 9542 8151 6798
195 9077 4166 3621 5253 9542 5390 5995 7743 6280 2949 1980 472 5477 7005 415 5891 8594 8209 7099 1882 1241 960 1314
196 4317 5499 908 7714 5172 5302 7588 7356 7962 7687 2819 2453 7468 6666 2316 369 9592 515
197 2404 5721 5658 7239 422 1159 7362 5269 7738 2967 1658 4874 2579
198 2922 4554 3905 4355 2000 6696 5861 7318 9272 2750 6837 1831 2286 5062 8723 4674 4904
199 4862 2788 6562 3840 1902 8714 433 9667 4255 9842 903 579 4104 4507 1914 8097
200 9895 7579 9217 8564 9632 8063 9585 5260 8530 415 6672 9362 1392 5215 3771 9925
201 9676 981 3146 9211 4690 9353 6298 783 3448 6018 8373 1237 3031 5299 1849 9592
202 4565 5825 7563 1032 7254 8100 1156 618 7171 5704 7732 9158 6182
203 1978 1844 6998 4751 974 2749 4611 2153 6817 9876 8091 3035 6754 173
204 1209 7779 1137 11 5045 2260 2522 1409 9787 2166 8302 1313 71 8187 8141 7187 8649 8952 5882 6798
205 1881 4565 7416 6884 8503 7473 2541 3598 2656 9654 4307 1862 3144 8161 6780
206 1206 1911 9412 636 150 4371 8143 9299 9281 3106 7460 3412 6407 1882 6365 2571 1886
207 8177 8692 5620 6285 5390 6553 6982 7232 2406 1282 4335 9429 9843 1914 768 7670
208 2613 4907 5103 4362 7045 5221 1345 1188 8378 6499 8166 4860
209 7301 8184 8753 9054 9853 4459 5558 4199 8676 9544 3041 7677 4441 5828 3792 9980 5647 2726
210 1663 299 2598 1245 3584 6226 4441 4725 8290 9272 8025 5220 8667 6525 798 880 3092 4444 8769
211 902 4627 4365 6543 6684 4055 1792 9708 1137 2276 4490 7842 5356 5882
212 9272 8364 1599 9125 6832 7797 6643 1463 6476 2454 5582 202 4882 4736 96
213 8035 2009 9346 1025 8913 80 9007 5543 3636 7372 8251 810 8506 3823 9954 2785 2799
214 1240 5296 2800 2012 6569 3973 4783 2255 8618 3650 6890 5413 6479 9546 5586 3015 6345 1914
215 7467 1369 2356 9256 4575 8208 3049 1437 2337 2861 3641 1444 1946 213 333
216 2699 1187 2761 7061 2237 8355 4314 9290 8512 1073 9061 4387 1825 4407 247 5299 7390 2932
217 166 8152 2598 5396 1647 7617 1525 4236 7449 4254 9328 4661 1340
218 2578 4915 3349 8300 6459 9264 7837 6077 6719 6243 6816 2698 8868 8952 3000 4812 7468 1560 251 4126 995
219 6482 5994 8025 6844 3953 3252 8231 4090 5600 9477 3870 3233 3578 1959 970 2616 6015 5030 7148
220 551 7923 1369 3047 5202 424 3193 5581 2632 6655 6530 7479 1990 6255 7940 2806 960 1347 2726 2094
221 8516 9971 8765 4591 5230 648 3901 9834 5056 3229 3654 8924 4610 5481 9679 7998
222 3739 2648 5384 2957 9716 9540 3970 7543 585 3850 3066 5070 3948 3107 4078 7435 9506 8165 5206 3286
223 7046 1354 6537 9496 5494 3822 5374 4517 6716 8659 8814 4407 5340 8508 1560 7613
224 2662 7622 1388 4275 286 3649 5069 1003 8661 1224 8526 4851 8175 8683 3981 7512 3015 9531 8261 3792
225 2981 1808 6525 7166 1916 9734 5240 2543 5093 2342 6568 6819 3958 6182 3650 9953 1886
226 8686 4376 468 1245 9349 3081 4733 1633 6990 8678 4505 243 8952 8261 9791 5647
227 2774 3380 1942 9748 4974 1343 391 9512 4281 9650 7184 5103 7973 4335 1560 7613
228 7128 5894 9827 5993 8067 5397 8358 8546 9436 3633 4899 2409 9818 9980 6574
229 7874 9940 7033 2219 5053 553 3527 3833 715 6554 6085 8491 6377 938 4658 8677 5295 9777 3412 6205 9980 4441 7368
230 4927 8987 1831 9900 9023 125 1947 185 7259 6323 9514 3041 6775 864 7580 6785 2234 1560 1847 31 2349
231 3616 8605 2727 1533 5830 6433 160 9997 4543 6984 9040 5667 9509 8523 4736
232 9809 6994 7233 8646 5786 6695 5546 3010 3241 726 8443 3922 2118
233 3188 3682 1737 3848 7592 4032 5899 6587 7610 5482 9994 5203 4532 6347 5987 9836 1241
234 8768 1063 3771 6929 2709 929 5168 974 438 3169 8165 1516
235 5469 992 3790 5059 873 8666 3147 4076 7844 6560 9932 5986 6901 6964 2453 995 5256
236 4641 7107 7962 7049 3023 5033 1504 3061 3105 881 6258 662 4346 531 7212 3242 7007 6366 8723
237 8378 5599 7738 9693 4614 8603 8557 3071 2600 5023 2616 8005 880 7897 8952 4352 7007 2202
238 5900 7152 1689 185 7018 4119 5373 2305 8624 8261 1554 288 2227 6666 2961 5381
239 5140 3727 6731 5031 5139 2359 8251 5103 5642 7143 8792 8907 6438 1954 5083
240 7001 5932 3957 1666 2737 1215 7765 7559 9281 2325 1230 7334 8875 132 4735 4579 7641
241 2800 5843 6025 823 7128 9837 5858 1128 302 4576 4038 7871 1577 7154 8478 5647 9542
242 720 2952 3295 1308 8074 7041 5717 2965 3229 5295 846 7270 7280 6610 4860 7915
243 5448 3954 9892 3046 6255 8872 3524 8028 6064 8477 8764 9878 8177 289
244 8036 5065 2071 2720 5705 8186 1581 1486 1409 2961 7364 2493 655 6808 2214
245 7014 6438 295 3855 6810 5572 9592 3536 3884 3424 7027 1695 2926 3554 8694 8141 8649
246 4806 4281 3300 8402 5384 845 1553 3970 6607 7599 8910 6343 6919 9670 9134 451 5882 2094 1241
247 3458 8365 5087 7899 8051 9212 2523 4202 8328 1257 1776 8540 5171 8769 202 7686
248 9643 5937 7141 7839 6793 5157 1928 7584 6448 8113 1828 5747 7765 876
249 7937 1886 1952 7116 3584 1122 9424 534 6028 15 1150 9658 1560 6833 75
250 2382 3196 343 326 7171 9286 2065 3064 5660 4215 9091 2230 4441 7172 4461 9123
251 4902 9870 77 5145 1324 4822 4673 5892 3380 50 6111 2400 6015 1882 4860 1955
252 840 7823 6091 1102 2129 9219 8659 758 3319 9791 4934 3795 6428 4832
253 619 2570 5025 4643 6627 2552 9867 5616 4107 6398 771 4257 4387 3248 6884 4602 5699 1560 3675 8898 1849
254 11 6627 8769 8160 6693 6319 368 6545 5245 4230 7683 3986 3105 1350 1340 9835 7765 5799
255 6893 8294 7078 6440 6918 2820 7349 4107 8228 7261 581 9151 7436
256 8805 821 1722 4386 4174 2155 6525 1958 2438 7055 5011 8899 7756 916 7897 167
257 1934 1914 3637 6115 1349 578 5614 5512 7236 9955 9016 6885 9552 1619 7852 6628 2138 7744 8189
258 7367 3363 4416 2155 5781 2279 9546 4222 6269 8850 4432 2722 9021 795
259 7306 4483 3343 5974 6380 7077 2413 9319 9979 5342 6465 3720 3295 1091 2941
260 4679 6455 7016 9457 5596 8070 284 1795 4937 662 7915 4860
261 9265 8185 5194 726 8946 4177 8931 5639 2986 4875 6212 4661 3674 8491 6190 8649 5882 7368 7280 5890
262 4645 2403 1862 3009 1180 8074 3650 2044 2750 7198 6782 133 815 2316 5004 6929 369
263 8248 985 2336 1737 7427 4963 5706 1605 3772 793 3905 6736 4376 8221 2101 82 6201 8898
264 2122 7779 2597 8913 6721 6862 9979 5208 4878 5956 8710 5299 3233 6090 9021 6666 173 2915 2202 6754 2094 822
265 8336 4564 6569 9549 7848 6721 7830 8441 7046 121 443 6193 8187 4736
266 7123 3479 355 967 9735 6227 1086 238 4853 6522 4187 3459 3506 7968 8108 8187
267 4439 9686 6408 4873 5457 5211 1707 2101 1255 3514 417 2088 7759 3029 2626 3765 2473 6795 6574 4126 8837 7994
268 305 910 2130 4132 337 2342 8573 6755 4569 7216 1172 7614 2684
269 4168 7572 4792 6814 3505 1382 5887 1566 1194 3571 1613 6235 7046 3457 2905 4244
270 4950 2541 3552 9333 6847 3474 593 1325 93 8482 4307 8376 7679 9214 1702 7368
271 5403 6323 4055 6720 5434 7926 7611 8912 4567 2479 6193 4843 4246 3041 6840
272 4864 3023 274 7741 4042 8003 858 7728 5843 5340 6686 399 3981 2138 1407 369
273 5336 3839 8692 1240 8273 3893 6125 9435 7419 5517 9743 9544 4860 333 805 8898 173
274 5906 8256 4152 1942 9072 1900 811 6058 4688 6239 6374
275 2190 9023 5317 4986 6486 7954 4376 6296 7545 703 6372 3995 5154
276 6816 4380 6921 6149 9950 854 7671 7117 8108 8194 8898
277 3104 3107 4407 1774 5283 3883 5005 4756 9962 501 2827 1277 8539 1889 2171 5004 5882 605
278 6623 9847 4570 126 5706 6153 2097 5737 4390 555 6243 4428 5987 1392 4281 9525 8261 7435
279 7837 6813 4705 9092 110 3293 5691 6563 606 403 3086 4385 8187
280 4542 317 1530 3215 6484 1198 5448 3683 2830 2480 634 685 7046 6754 1828 3015
281 2099 9002 727 4504 1076 3373 9010 5836 178 8243 8851 4036 1924 7154 2231 6885 4352 5799
282 997 5052 2632 8721 2529 9632 3725 3524 9187 2833 9668 8316 387 8015 5481 1376
283 7825 4609 7545 696 6614 5192 7910 8371 1145 8724 9259 2703 7574 6003 460 3636 5890
284 2234 7163 8115 916 4504 5212 2136 1383 1345 3843 2671 6266 6111 9073 2571 3661 5036 4038 8481
285 6319 3250 4196 6992 8873 4620 6276 3637 6525 7357 7732 3360 9613 4003 4299 3608 7529 333 8952 1847
286 1549 6128 3782 2800 9424 1585 5995 634 6285 8636 933 1221 4471 6784 3618 6329 3242 5882
287 4067 7437 3966 2613 4518 1981 4209 491 902 9497 6489 4093 5980 3384 8574 7744 9791 7935
288 348 7691 2997 4241 2128 1995 7556 6961 3311 1327 5488 182 6329
289 3619 2493 5710 8318 6602 4565 5033 2263 9594 7716 2915 7565 2875 9078 4107 4140 5799
290 5296 7392 3507 192 6126 1479 5446 8880 7619 7524 2962 8142 3611 8898
291 4763 5296 7769 1069 6449 1647 315 4378 9480 516 349 7611 4407
292 1390 5693 4464 410 8218 2733 8804 6721 5272 674 6217 862 1556 23 8481 6172 5828 8097
293 7588 802 8003 7304 2594 3023 1964 2355 2324 658 6345 6489 7777 4129 8161 6798
294 5271 8226 8031 9204 3576 2461 7334 4575 4390 9400 5052 9743 5506 1208 4969 9777 8335
295 6037 4878 1242 3954 6060 1966 3811 3700 3052 9891 2138 9622 3007 9059 879
296 8273 3960 2561 5608 268 4422 5882 3744 4557 4690 6207 3492 5491 8161 8837 2915 1862 2858
297 2350 7619 7036 1980 4896 3958 2833 907 4122 8951 5173 6201 8491 5186 8954 4433 6666 5676
298 8331 393 2622 8241 6245 5237 5097 6223 8564 6211 5578 6276 995 5295
299 8659 7522 4331 8875 5279 1972 184 4305 7744 9963 5290 8398 8804 1197 7000 2138 6228 4674
300 5029 8092 7531 9053 3742 7759 2344 3251 5480 1048 1682 5189 8266 8166 9484 374 1033 4728 4352
301 8052 9698 5676 730 6641 9218 8010 1085 2159 2574 1856 1955
302 9091 6473 2733 9608 2014 5638 186 1497 2690 5318 2607 2757 912 5995 8435 255 82 1914 3041
303 4565 3459 2130 7776 2342 6555 5460 5223 929 8286 5318 1842 973 3273 6182 3041
304 8737 710 8779 7538 9157 1314 2458 250 6313 2640 5541 4904 9158 8908
305 6664 3083 2853 695 7119 512 7865 5768 858 1370 3737 9509 4121 6231 2188 6833
306 4620 2567 9286 9791 136 8310 9961 1210 4416 688 7296 2224 5411 2681 7611 3397 5206 3890 2717
307 8993 2564 8134 1588 4756 9070 2848 327 3027 9310
308 4637 6991 3592 7460 3970 4463 199 4699 4098 8437 7122 575 6918 6408 4822 7043 1927 7414
309 3011 7560 8666 4409 3696 9076 5057 5356 2918 5719 5260 3795
310 2500 1957 6903 45 196 4964 403 5115 2548 9374 1737 2244 6143 7765 6066 4027
311 7748 5048 5631 8458 2617 362 2901 5845
312 3909 228 8480 3683 8703 4142 9298 5879 6789 4729 8609 6074 182 8885 5828
313 7411 8760 5583 1139 5958 979 4693 2190 3765 2800 7599 5499 7048 605 4126 3823 7262 8850
314 198 7478 422 7937 3182 7217 3142 6356 6361 9380 5161 4244 2869 4352 2932
315 2434 8946 916 7502 783 5343 9245 7644 8924 4599 9344 8180 4471 9996 3661
316 2864 7727 3250 6832 1308 4224 5080 985 6276 3099 3014 6521 7000
317 7461 6693 384 8966 4851 3509 6284 1632 3715 3678 4464 3551 3186 6758 7897 3675 7998
318 942 6524 6513 992 218 1152 426 1005 33 2409 5053 2394 1914
319 2043 3634 7479 9267 4862 3289 2813 5962 2021 6345 7915 7435
320 8073 1473 3902 933 3950 4620 1972 7922 5616 5027 2320 1320 1375 8830
321 8457 51 2757 6792 6996 2655 5767 7778 9217 3047 8153 6601 8683 6406 9025 9180 2063 3682 6182 5075 6532 96
322 7398 198 7944 4890 8376 393 1667 8471 5506 4667 4240 3772 9514 5676 7262 7998 714
323 9653 5599 3935 2250 8887 2607 8440 1282 8160 7931 2339 959 6157 5502 233 7530 1606
324 1212 4209 7545 9055 4974 9013 4483 5243 29 2148 657 7077 289 6560 2915 1896 7280
325 9088 8602 5011 2902 9943 1952 4730 8300 8993 1291 2667 8201 2485 1914
326 5733 4195 5260 6691 3910 6699 7936 8760 2127 8301 3379 5184 1882 4352 9980
327 6655 1613 3272 6679 3791 6677 6446 7947 799 5686 5862 5676 5000 5299 1063 1662 3624 9420 6243 6833 173
328 5338 1133 4228 474 6111 8113 3393 4102 4747 7663 7974 4846 5019 4368 173 9623 876 619 6243
329 178 8465 574 9976 3506 2992 5321 5301 4562 5666 6175 1536 4948 2308 9699 5890 1955 9980
330 7659 4515 1404 594 5786 9076 3497 1989 3693 1969 4388 6931 9492 4832 8890
331 7917 5671 3432 8025 8856 6059 7715 4001 6615 8944 1637 2980 6976 8636 822 6798
332 8615 5005 149 9833 2504 8512 8364 5311 7603 2061 4090 7223 5847 6705 2571 8899 6334
333 2524 51 7607 8541 9415 1938 2411 7305 9804 6196 5409 3048 8285 2645 7435 6365 4392 7686
334 6616 5270 8768 6179 242 7990 8727 5715 9161 6676 9097 450
335 231 373 1025 672 7771 2465 1391 6791 4751 426 2118
336 808 1924 7745 8701 3934 3023 5348 2761 2267 11 904 424 8507 8337 9592 1847 1636 1849
337 7536 9632 681 1515 1306 1275 8500 1991 9336 6238 3669 4533 5021 5285 3378 4736
338 1796 3058 3924 7743 8583 9371 955 9834 6570 2856 4172 131 1808
339 6806 7078 5617 2780 8839 6020 5046 6628 1616 2187 3596 5840 9109 726
340 3196 9153 3145 44 5121 51 713 2314 1678 8422 1705 9613 9498 1634 6768 9473 5413 8151 2197 6345
341 910 4271 154 1494 2524 752 2676 6291 2855 4496 5415 3984 7244 6666 4946 795 4860
342 7434 4178 9050 9424 4286 989 8730 888 1838 6817 5322 173
343 7475 57 1619 4336 8106 4567 4794 2627 5069 4720 885 9521 4617 6357 5420 7941 1025 5532 3977 4736 1241 1320
344 5663 8523 6165 5162 793 8376 8490 4288 7818 4992 1077 1560 8898 2571 4244 8662 5030
345 4200 3397 5435 4220 4775 2645 3744 109 4529 3687 998 3092 579 7174
346 7078 742 3761 1259 7872 4172 608 2602 7398 9891 4177 8147 3856 9514
347 3698 9051 6814 2901 4496 5996 821 4587 985 7037 9969 3150 7185 3125 1954 8379 6574
348 1928 879 8500 771 6063 4589 6213 3181 7870 2493 2553 6884 7285 6083 357 2432 1033
349 295 5629 3781 8525 5543 5116 3865 4853 6506 9686 196 5295 4244
350 3574 2978 8386 4702 9253 7858 1301 7603 5288 2841 2101 2150 6842 3795 7641
351 1786 6882 4325 2962 5891 9204 8775 2667 7221 5220 9855 7465 4244
352 7678 823 1382 844 9024 889 1611 3798 4329 8599 4447 1642 4441 6976 1483
353 5969 6712 7566 1212 8957 5984 1578 512 7150 4245 4314 8343 2521 202 1560 9753
354 3000 5966 6505 5540 3395 619 8060 4569 5892 8580 2391 9400 3837 9542 7283 9053 1606 7564
355 3464 7867 8764 7584 1629 1065 1741 9447 6062 5342 7460 6822 5944 78 8652 2869 5256 9818 3012 9980
356 6745 3421 3757 8498 8735 4490 7579 1487 593 2203 6438 6801 4249 7732 7448 2371 4664 6982 2915 6628 6334
357 2904 6365 1749 6587 4880 4374 9326 9350 6790 3793 9753 9759 8342 6152
358 5993 1024 2902 1444 4232 7859 6360 8943 2671 6493 6854
359 4862 6567 1748 2984 8643 7836 8104 634 5639 9666 8754 8743 7790 2727 293 2058 3092 1606 6666 2385 9998
360 4583 3970 166 6707 7178 5848 9283 9634 6298 9506 4649 973 9544 5987
361 1664 7599 4036 9080 771 8598 5360 2659 31 3217 9670 1985 69 3870 7170 5421 9371 7500 3635 2214
362 1602 2842 8682 7226 6610 4086 4208 7152 2952 9579 1156 1516 3890 8481 1969 3052 4006 504 3459 1025 8177 679 1847
363 88 7496 4737 1548 821 6160 8841 761 4409 5429 7551 7508 2030 1442 8412 1856 5030 4144
364 6592 974 729 4008 6632 2190 3540 1349 6726 8977 5020 5194 5573
365 3840 7794 7736 4242 8994 6388 545 6478 7437 2629 7219 2485 5227 6533 4441 1914
366 9242 4920 3318 4000 6865 3028 4754 9685 2800 7339 1157 6921 6789 233 3113 1914 1612
367 1757 6621 137 4259 8097 4169 8080 5726 9824 9541 2681 1405 6923 1556
368 1770 2265 2470 3880 7982 4024 1715 8726 2928 3669 2105 6686
369 7276 7807 6891 5180 2629 2903 5757 5003 6409 1413 2383 5797 4093 7645 7778 3655 7280 5676 1955
370 7634 8467 5892 1985 419 6624 1184 5349 2697 3223 5181 5309 3765 2789
371 5509 6366 3841 121 8692 2564 3832 9496 1198 2388 7531 9762 4375 8047 7930 7998 7897 4969 1830
372 7548 7288 2415 5947 8774 5785 9298 7528 7322 9053 3649 1413 6345 9432 3405 1847
373 3648 1560 6423 9617 76 5901 6861 6705 9860 1851 8343 3658 3078 4056 504 9343 1347
374 9344 2158 2524 3271 5121 9316 3353 7308 3114 1814 3572 7768 6833 7765 9594 5882
375 4199 5799 1802 5932 2839 1097 3627 4282 1388 5071 7001 2997 1377 1025 1560 5878 4387 5883 1853 4403 3819
376 3517 5722 1162 8607 939 7026 8661 8133 969 5309 8735 180 5456 1788 5735 289
377 8227 9739 3905 6273 7040 6064 4794 722 573 3339 8164 3635
378 7941 4839 4371 2362 3872 9833 2562 4995 6408 4642 3346 9587
379 9677 2609 30 1133 4125 5404 7805 5710 7520 686 3251 1929 5882 7280 8659
380 3538 7748 5990 9049 1103 3391 4645 3480 7331 2150 9947 2571 112 75 3888
381 3650 7002 5086 9861 6016 8291 6809 3298 2371 8049 5709 1330 5870 6753 7613
382 7197 6712 3434 7599 5103 2787 5342 875 3131 6065 5753 1407
383 7012 2617 8461 2915 924 6366 6780 8655 9225 556 9681 4671 7273 7732 6601 2574 8437 5882 7047
384 6226 3516 2071 1099 1244 8871 6309 2568 9788 5299 3761 3041
385 9493 114 2881 5008 6678 7422 6633 4403 1823 4000 5773 3131 7107 8996 3373 96 1606
386 9157 5547 3294 9092 6288 1471 2949 1411 1299 3716 4375 5456 7433 1549
387 4665 1172 2541 1133 2709 1042 4139 9367 7957 7685 1236 173 3682 369
388 2058 1797 397 5614 2035 2944 3940 5454 190 9857 5644 3847 3206 3795
389 1963 4639 132 8182 5451 959 6487 5769 7208 8956 6614 6525 2545 2629 7794 1954 8739
390 359 5734 9149 452 3869 8154 8753 6143 7529 8386 4622 7878 3855 8657 2473 3000
391 8379 4126 4467 5905 6129 2924 9235 5298 9633 4070 821 6321 2717
392 5345 7114 3834 4862 9046 7715 8938 52 9539 8963 3412 2378 5882 3092
393 6641 44 1124 6738 1651 1366 7270 2816 7601 6557 6058 2473 3405 1241 6029 6334 7935
394 6557 2470 8587 8732 132 3960 6531 3079 246 5223 6563 3524 2515 3054 9514 8830 6700 5828 1882 5707 6792 8097
395 6632 8590 9572 7161 2677 2861 3577 6703 8182 8084 7831 7968 5481
396 9002 1590 1245 3598 4204 3605 9900 726 1642 2656 8434 3602 1343 2272 863 7249 6366 7050 6574
397 241 5080 7096 248 4327 4228 1025 301 7326 4852 7318 4126 5740 6479 1830 1882 8151 8830 1320
398 5323 5474 5455 4798 6832 8950 3091 2698 1828 8855 3362 4255 1911 1665 6532 5882 2726
399 996 6389 3933 5171 9357 8080 6945 1887 1158 9622 690 8007 4395 5767 1189 3542 6532 8952
400 2033 4191 7536 1876 6760 397 3665 8996 2788 4532 1244 4403 5004 6015 8662
401 3647 2552 9830 4380 1306 9158 7298 4249 8600 9438 862 4407 8156 7777 8898 2453
402 2472 4541 5675 5977 3910 2166 6661 7865 9318 1137 4253 5556 768 580 7935
403 2787 1096 1954 9715 6240 4981 752 6388 2636 2961 4606 4390 9592 9343 8769
404 4565 5186 3711 2609 9366 5222 9946 1139 7435 2578 1971 996 7226 1136 670
405 9608 8092 5910 3380 5476 3307 1766 7970 8510 3855 3785 79 8822 3543 156 5748 7368
406 5696 1954 1665 9873 2957 7482 8764 9849 5143 1975 7690 7093 8635 260 3092 5030
407 4774 5445 3958 5453 6370 5882 8874 1218 5789 192 3368 4853 3636 9471
408 7063 2803 7892 2511 1130 1489 1598 8339 2120 9018 9548 5348 4904 3205 2187 5470 7529 5799
409 6895 3849 5785 664 6847 6182 9892 2981 6584 4767 6946 7077
410 77 6228 9964 8587 8097 2860 2462 8836 8548 4071 1409 1906 1766 3360 970 2932
411 8261 161 3752 1364 1025 9982 3844 2577 3860 9498 4283 8743 6389 8172 1771 1560 75 8151
412 8889 9895 3177 2911 7496 2290 1844 6625 6725 4885 8850 1008 210 9944 7915 8723
413 5901 934 3434 8073 9177 1757 1022 9530 7467 7612 7785 1072 1847 822 4860
414 9648 4866 1805 9798 8119 4026 516 9088 4945 1741 7744 4992 7855 6765 995 4602 5932 6550 3242 3795 4736 6311
415 7480 9455 6499 620 7532 2012 8179 6931 7617 5716 2679 7575 1211 1457 1914
416 7835 2279 1130 7584 3078 4170 5805 274 7079 3217 4735 5995 6833 698 5295
417 9678 2302 2378 1505 284 7193 8938 2290 892 446 6795 5123 7097 9791 1347
418 8725 8258 6590 3696 6440 3078 1642 7273 3675 4072 4992 9924 2394 2202 5466 7468 9592 9514 2385 926 3041
419 7234 1197 2804 9945 438 4438 8470 1263 8446 5559 4705 6658 9834 3682 2364 8429 9133 3286 1886
420 3806 2613 4550 396 7920 7482 5374 1282 4696 6726 9034 8149 706 5799 1347 2272 8920 8097 4403
421 6464 6894 2503 6245 9922 3952 7599 5017 5299 1217 4505 1339 9136 3316 1241
422 9066 3200 2238 3677 3875 7805 5420 4140 7951 6783 7334 9471 7007
423 8580 6981 979 2627 3658 6836 8028 8561 4436 3833 7496 1741 6560 1048 4452 1842 2315 6833 8728 2273
424 821 3083 9160 2699 5686 6029 6242 5793 4873 6151 7831 9184 1693 4805 2726
425 3972 5845 6659 2950 1235 3106 8341 7827 7153 6681 5882
426 5689 4036 768 8924 5374 391 9746 4643 3298 7284 6728 4352
427 2949 5987 9218 4725 5221 3648 2276 2957 7705 4104 2124 5729 8141 8671 3675
428 3225 2006 3768 6328 9955 3724 5549 5575 4888 3535 9796 3184 9209 1896
429 1392 2992 8201 7935 577 4172 7106 3756 7852 9646 5820 4570 3675 5626 6754
430 4753 2707 52 2743 1820 8511 3507 2652 2338 3070 7468 3286
431 5521 3085 7851 9574 1689 1219 9968 8692 6775 4344 4128 1915 2865 7436 8187 6666 5019 5299 3405 6798 7686
432 6813 4281 5562 407 3593 1230 3859 6243 1979 3701 114 3685 8856 883 1702
433 2905 4589 9041 4098 695 5142 1682 8464 7362 8934 6729 7694 2927 6647 239 1560 9471 8920
434 202 8532 8603 8048 9056 6642 3222 2629 958 1413 9151 7744 1289 6243 9078 2978 9528 1560
435 4821 2217 6543 1773 5096 3165 7998 4995 2755 574 1127 5154 7262 6410 8950
436 5809 2362 8142 5932 8716 1750 9046 1242 5666 1844 5190 8208 6495 8097 5747 605
437 7079 8178 3981 7283 6610 4767 6464 4944 9256 2108 2466 5221 9475 136 6255 7334 3015 1636 8261
438 2159 5663 389 5374 9323 9093 7069 8434 916 9524 2763 2197 8592 4532
439 2915 343 849 6091 8523 8322 9107 5255 3930 7853 5065 2109 1690 9889 962 6114 319 2252 6700 6795
440 2227 3145 9429 6644 6315 2145 9069 4058 4705 4236 6140 7326 4978 6812 1027 3459 9592 7334 6795
441 799 5796 1426 5019 7529 5632 8976 3620 1443 2639 7928 3695 9188 9154
442 3728 3931 1815 2985 5209 9752 5842 8231 8366 6104 742 6525 2437 7756 5816 6891 4499 1457 7686 664
443 6115 7214 5278 9310 7912 6852 3583 9850 7215 2901 6623 3713 3819 4352 1849 6976
444 5299 5599 6083 8694 6995 2940 407 3127 3775 2149 5810 9282 9969 5434 6365 8097 7998
445 3549 1321 2466 3944 8550 6454 414 6805 3775 3168 2440 3272 2010 8189 8723 822 5828
446 6801 822 1518 7903 5008 1997 734 8070 2421 3775 6083 9154 6731 5383 9916 7409 3015 6366
447 7362 6429 4255 821 6885 5398 2058 6203 241 9682 6708 9039 8063 9021 2400 1849 4461
448 1538 3705 8009 5944 5971 9512 707 9053 8210 5176 8465 7281 9854 1352 1240 6964
449 8951 1940 5040 5373 2541 428 5834 5710 7095 491 4504 8893 8721 6434 1702 5030 9592
450 2854 2989 2622 9329 1649 8472 4295 3586 6539 2958 4407 945
451 9298 8262 5822 6027 5197 4520 2188 4394 4738 1911 7047 173 7876 3795
452 2039 2011 4164 6806 8464 9271 2529 3666 9420 6929 1741 1320 5481
453 8564 565 7982 5203 7817 6066 1960 965 5154 2383 4655
454 8102 8709 4034 2318 4468 9139 428 3475 6289 113 4171 3987 6157 4867 7368 8649 3144
455 1456 3649 9830 3223 3368 3865 6224 1338 2854 7807 2322 9260 6329 4810 4244 7368
456 1802 5491 9021 6088 8103 881 2507 340 2698 303 7590 3995
457 7546 3682 5 8850 8121 1134 9583 559 6202 5982 3738 8261 1375 8649 6808
458 3606 6242 9297 6475 3373 4201 9701 5904 3586 657 7297 239 4144 5799 3792
459 8444 7709 985 5672 89 4449 9462 7078 674 551 1914 5924 662
460 6936 8562 7904 4508 1868 1299 6535 7282 3690 7148 3823
461 674 6336 3093 985 7822 3437 6979 816 9481 658 6726 1811 7670
462 6970 3884 7326 1495 2012 4861 1176 7239 9753 9492 3390 2919 798 670 3041 3144
463 6546 8804 4574 527 413 2512 3124 4862 2803 8165 7769 6840 3242 6334 8950 9306
464 9077 798 4775 1199 2063 1912 3151 3977 2704 152 3473 3890 7613 3708 1882 6808 4969
465 2026 730 2033 1889 7281 7428 4488 6995 4124 2374 973 7217 7710 4027
466 5265 8180 2709 3879 4286 9564 7711 3788 8935 958 2397 8387 3896 82
467 4008 3113 9897 9201 6885 7465 9380 9845 9699 5001 6412 6489 4610 5340
468 8111 1340 393 6912 1510 9881 9649 9552 7463 2111 9122 5220 5531 5635 6533 6460 5828 8649
469 4213 9670 1797 4596 2984 3714 9306 6939 3011 7336 2434 7923 8723 4544 3397 8996 8097 1849
470 8807 5358 5162 3943 6628 6064 6497 6495 4293 7778 3225 5472 561 8586 215 173 9165 3595 7390
471 5584 6111 9417 2240 6622 4608 345 7009 2001 1532 3774 9916 260 2227 7677 6366
472 1145 3920 3402 2312 2359 2902 7679 3488 2158 7545 7613 986 4945 2473 9592 8830
473 2737 5366 9535 2821 6629 3520 4056 5722 4918 1757 6303 4036 8424 202 926 247
474 1308 5570 5631 7579 7657 8392 4679 6331 7335 3083 4299 6907
475 3229 9833 3621 3548 4572 5132 114 1906 8618 2513 6450 8457 4090 7904 7623 4144
476 5464 3846 435 6218 5432 1964 8227 1041 8208 6288 7587 8360 9134 1734 9332 8477
477 9089 3262 2147 301 3237 8736 3057 81 7386 682 4499 6334 3015
478 7002 8189 1610 9542 9077 7931 7326 3935 3377 4126 3811 8398 8409 5901 5397 3352 3172 1499
479 8584 1016 6718 1314 9184 9827 3827 6531 2104 3585 4549 9400 3723 6333 1407 3015
480 3689 4117 5999 2799 3658 5971 192 9552 2883 9348 8547 697 1333 6718 3795 515 4027 1483 75
481 2508 6768 5657 709 9724 4610 2401 3627 6396 902 8141 9023 1788 6666 3000 9791
482 8899 2615 5570 1050 321 7817 5087 3544 5195 6033 3804 551 1153 355 2621 7457 65 2138 7744 7935
483 5788 5825 719 2597 9043 762 6948 1605 4758 578 172 2551 173 2525 1003 6785 2094
484 4242 6815 6044 9296 2684 956 849 8765 316 37 7295 8671 749 5924 1853 7097 7915 2932
485 7004 7226 9587 6223 7559 9735 8418 5414 1061 8343 190 8238 6284 7966 247 4525 8488 3266 2453
486 9968 7599 1952 7417 4767 5869 5669 218 4658 8103 2063 3822 7653 3397 5647
487 6882 1502 2791 2703 3610 4852 5882 6852 5108 1080 5570 8166 1984 5676 3405
488 7364 7579 2905 5448 483 3203 5145 1329 828 5626 5641 4169 7515 3412 8850
489 5244 6092 7642 4520 8730 5320 5381 4502 8716 8602 8901 8177
490 8568 945 219 7717 2825 5275 3238 7931 3153 2827 4038 4554 7577 5083 75 1347
491 3214 1063 7831 4585 1602 6225 4010 3750 8187 2773 8299 1327 1328 6776 8899 6666 5268 9679
492 6799 8365 4129 5517 3961 7238 3946 2581 2800 9218 4355 1420 2607 8421 4220 7093 3015
493 5029 2699 1934 7254 6276 490 4805 2304 3134 5297 8063 1914 2104
494 400 1218 8843 7807 9953 3338 956 9235 4712 7477 3803 7813 5799 5352 2034 6686 9021 8187
495 8224 2192 1912 7209 3793 4682 7474 170 6505 5030 9079 5882 8523 1172
496 359 6062 7172 6057 7363 9089 6025 5057 4230 4212 5621 8116 9903 645 8708 926
497 4366 3744 8907 4681 7790 3326 6735 4856 5200 3707 8194 1849 1407
498 1669 6786 1633 9565 7247 5157 656 4806 2179 308 2316 9514
499 7857 3682 2465 1548 233 1673 9394 4458 7127 933 6366 3089 2075 1195 2557 2468 4129 9445 9194 1955
